SF:lib/models/entry.dart
DA:4,4
DA:8,2
DA:9,6
LF:3
LH:3
end_of_record
SF:lib/models/section.dart
DA:5,3
DA:7,3
DA:11,3
DA:18,3
DA:19,3
DA:20,3
DA:21,3
DA:22,2
DA:24,7
DA:28,3
DA:29,3
DA:31,10
DA:33,9
DA:34,3
DA:35,3
DA:37,6
DA:42,1
DA:43,4
LF:18
LH:18
end_of_record
SF:lib/widgets/section_widget.dart
DA:12,2
DA:22,2
DA:23,2
DA:30,2
DA:32,6
DA:33,6
DA:34,2
DA:35,2
DA:36,2
DA:37,2
DA:38,1
DA:39,2
DA:40,1
DA:43,2
DA:44,2
DA:45,2
DA:47,2
DA:48,6
DA:49,2
DA:52,1
DA:53,2
DA:54,1
DA:55,2
DA:56,1
DA:57,1
DA:58,2
DA:60,1
DA:61,1
DA:68,2
DA:74,2
DA:78,2
DA:79,2
DA:80,2
DA:81,4
DA:82,2
DA:84,4
DA:85,3
DA:91,2
DA:92,8
DA:93,2
DA:94,2
DA:95,2
DA:96,2
DA:97,1
DA:98,1
DA:105,2
DA:106,2
DA:108,3
DA:110,4
DA:113,2
DA:114,2
DA:115,1
DA:117,3
DA:119,4
DA:121,1
LF:55
LH:55
end_of_record
SF:lib/bloc/entry_values_event.dart
DA:7,3
DA:14,2
DA:15,6
LF:3
LH:3
end_of_record
SF:lib/bloc/entry_values_state.dart
DA:7,4
DA:10,1
DA:11,2
LF:3
LH:3
end_of_record
SF:lib/bloc/entry_values_bloc.dart
DA:10,1
DA:12,2
DA:13,2
DA:14,2
DA:15,3
DA:16,2
DA:17,3
DA:18,2
DA:21,3
LF:9
LH:9
end_of_record
SF:lib/models/expandable_box_drawing_table_configuration.dart
DA:5,4
DA:13,4
DA:15,4
DA:17,4
DA:19,4
DA:22,0
DA:24,0
DA:29,4
DA:34,3
DA:42,5
DA:48,3
DA:54,3
DA:56,2
DA:58,1
DA:59,2
DA:60,2
DA:64,1
DA:65,1
DA:66,1
DA:67,1
DA:68,1
DA:69,1
LF:22
LH:20
end_of_record
SF:lib/widgets/entry_cell.dart
DA:11,2
DA:21,2
DA:23,2
DA:24,2
DA:25,2
DA:26,2
DA:27,2
DA:28,2
DA:29,2
DA:30,6
DA:31,2
DA:33,2
DA:35,2
DA:36,2
DA:38,2
DA:39,8
DA:40,0
DA:48,2
DA:51,2
DA:54,2
DA:55,6
DA:56,2
DA:58,6
DA:59,2
DA:65,2
DA:66,2
DA:68,2
DA:70,1
DA:71,2
DA:72,1
DA:73,3
DA:74,1
DA:75,3
DA:84,1
LF:34
LH:33
end_of_record
SF:lib/widgets/up_and_right_box_drawing_character_widget.dart
DA:4,10
DA:6,2
DA:8,8
DA:9,2
DA:11,2
DA:12,2
DA:14,2
DA:20,2
DA:22,2
DA:24,2
LF:10
LH:10
end_of_record
SF:lib/widgets/vertical_and_right_box_drawing_character_widget.dart
DA:4,10
DA:6,2
DA:8,8
DA:9,2
DA:11,2
DA:12,2
DA:17,2
DA:19,2
LF:8
LH:8
end_of_record
SF:lib/widgets/vertical_box_drawing_character_widget.dart
DA:4,10
DA:6,2
DA:8,8
DA:9,2
LF:4
LH:4
end_of_record
SF:lib/widgets/expandable_box_drawing_table.dart
DA:10,1
DA:19,0
DA:26,1
DA:28,1
DA:29,1
DA:30,1
DA:31,1
DA:32,1
DA:33,0
DA:34,0
DA:35,0
DA:38,1
DA:39,2
DA:42,1
DA:45,2
DA:46,1
DA:47,2
DA:48,1
DA:50,4
LF:19
LH:15
end_of_record
